# JRE version: OpenJDK Runtime Environment (8.0_151-b12) (build 1.8.0_151-8u151-b12-0ubuntu0.16.04.2-b12)
# Java VM: OpenJDK 64-Bit Server VM (25.151-b12 mixed mode linux-amd64 compressed oops)
Heap:
 PSYoungGen      total 431104K, used 11253K [0x00000000d6800000, 0x00000000f1800000, 0x0000000100000000)
  eden space 419840K, 0% used [0x00000000d6800000,0x00000000d6800000,0x00000000f0200000)
  from space 11264K, 99% used [0x00000000f0200000,0x00000000f0cfd710,0x00000000f0d00000)
  to   space 11264K, 0% used [0x00000000f0d00000,0x00000000f0d00000,0x00000000f1800000)
 ParOldGen       total 62976K, used 39719K [0x0000000083800000, 0x0000000087580000, 0x00000000d6800000)
  object space 62976K, 63% used [0x0000000083800000,0x0000000085ec9fd0,0x0000000087580000)
 Metaspace       used 27029K, capacity 27784K, committed 27904K, reserved 1073152K
  class space    used 3125K, capacity 3277K, committed 3328K, reserved 1048576K
GC Heap History (10 events):
Event: 5.965 GC heap after
Heap after GC invocations=7 (full 0):
 PSYoungGen      total 142848K, used 6444K [0x00000000d6800000, 0x00000000e7e00000, 0x0000000100000000)
  eden space 131072K, 0% used [0x00000000d6800000,0x00000000d6800000,0x00000000de800000)
  from space 11776K, 54% used [0x00000000de800000,0x00000000dee4b050,0x00000000df380000)
  to   space 11264K, 0% used [0x00000000e7300000,0x00000000e7300000,0x00000000e7e00000)
 ParOldGen       total 86016K, used 12461K [0x0000000083800000, 0x0000000088c00000, 0x00000000d6800000)
  object space 86016K, 14% used [0x0000000083800000,0x000000008442b5e0,0x0000000088c00000)
 Metaspace       used 18046K, capacity 18474K, committed 18560K, reserved 1064960K
  class space    used 2066K, capacity 2165K, committed 2176K, reserved 1048576K
}
Event: 6.066 GC heap before
{Heap before GC invocations=8 (full 0):
 PSYoungGen      total 142848K, used 137516K [0x00000000d6800000, 0x00000000e7e00000, 0x0000000100000000)
  eden space 131072K, 100% used [0x00000000d6800000,0x00000000de800000,0x00000000de800000)
  from space 11776K, 54% used [0x00000000de800000,0x00000000dee4b050,0x00000000df380000)
  to   space 11264K, 0% used [0x00000000e7300000,0x00000000e7300000,0x00000000e7e00000)
 ParOldGen       total 86016K, used 12461K [0x0000000083800000, 0x0000000088c00000, 0x00000000d6800000)
  object space 86016K, 14% used [0x0000000083800000,0x000000008442b5e0,0x0000000088c00000)
 Metaspace       used 18046K, capacity 18474K, committed 18560K, reserved 1064960K
  class space    used 2066K, capacity 2165K, committed 2176K, reserved 1048576K
Event: 6.080 GC heap after
Heap after GC invocations=8 (full 0):
 PSYoungGen      total 273408K, used 5460K [0x00000000d6800000, 0x00000000e7e00000, 0x0000000100000000)
  eden space 262144K, 0% used [0x00000000d6800000,0x00000000d6800000,0x00000000e6800000)
  from space 11264K, 48% used [0x00000000e7300000,0x00000000e7855010,0x00000000e7e00000)
  to   space 11264K, 0% used [0x00000000e6800000,0x00000000e6800000,0x00000000e7300000)
 ParOldGen       total 86016K, used 13597K [0x0000000083800000, 0x0000000088c00000, 0x00000000d6800000)
  object space 86016K, 15% used [0x0000000083800000,0x0000000084547600,0x0000000088c00000)
 Metaspace       used 18046K, capacity 18474K, committed 18560K, reserved 1064960K
  class space    used 2066K, capacity 2165K, committed 2176K, reserved 1048576K
}
Event: 14.957 GC heap before
{Heap before GC invocations=9 (full 0):
 PSYoungGen      total 273408K, used 267604K [0x00000000d6800000, 0x00000000e7e00000, 0x0000000100000000)
  eden space 262144K, 100% used [0x00000000d6800000,0x00000000e6800000,0x00000000e6800000)
  from space 11264K, 48% used [0x00000000e7300000,0x00000000e7855010,0x00000000e7e00000)
  to   space 11264K, 0% used [0x00000000e6800000,0x00000000e6800000,0x00000000e7300000)
 ParOldGen       total 86016K, used 13597K [0x0000000083800000, 0x0000000088c00000, 0x00000000d6800000)
  object space 86016K, 15% used [0x0000000083800000,0x0000000084547600,0x0000000088c00000)
 Metaspace       used 18569K, capacity 19160K, committed 19456K, reserved 1067008K
  class space    used 2095K, capacity 2241K, committed 2304K, reserved 1048576K
Event: 14.997 GC heap after
Heap after GC invocations=9 (full 0):
 PSYoungGen      total 273408K, used 8061K [0x00000000d6800000, 0x00000000f1800000, 0x0000000100000000)
  eden space 262144K, 0% used [0x00000000d6800000,0x00000000d6800000,0x00000000e6800000)
  from space 11264K, 71% used [0x00000000e6800000,0x00000000e6fdf420,0x00000000e7300000)
  to   space 11264K, 0% used [0x00000000f0d00000,0x00000000f0d00000,0x00000000f1800000)
 ParOldGen       total 86016K, used 17741K [0x0000000083800000, 0x0000000088c00000, 0x00000000d6800000)
  object space 86016K, 20% used [0x0000000083800000,0x0000000084953620,0x0000000088c00000)
 Metaspace       used 18569K, capacity 19160K, committed 19456K, reserved 1067008K
  class space    used 2095K, capacity 2241K, committed 2304K, reserved 1048576K
}
Event: 15.597 GC heap before
{Heap before GC invocations=10 (full 0):
 PSYoungGen      total 273408K, used 60530K [0x00000000d6800000, 0x00000000f1800000, 0x0000000100000000)
  eden space 262144K, 20% used [0x00000000d6800000,0x00000000d9b3d780,0x00000000e6800000)
  from space 11264K, 71% used [0x00000000e6800000,0x00000000e6fdf420,0x00000000e7300000)
  to   space 11264K, 0% used [0x00000000f0d00000,0x00000000f0d00000,0x00000000f1800000)
 ParOldGen       total 86016K, used 17741K [0x0000000083800000, 0x0000000088c00000, 0x00000000d6800000)
  object space 86016K, 20% used [0x0000000083800000,0x0000000084953620,0x0000000088c00000)
 Metaspace       used 20657K, capacity 21196K, committed 21248K, reserved 1069056K
  class space    used 2382K, capacity 2537K, committed 2560K, reserved 1048576K
Event: 15.607 GC heap after
Heap after GC invocations=10 (full 0):
 PSYoungGen      total 431104K, used 3440K [0x00000000d6800000, 0x00000000f1800000, 0x0000000100000000)
  eden space 419840K, 0% used [0x00000000d6800000,0x00000000d6800000,0x00000000f0200000)
  from space 11264K, 30% used [0x00000000f0d00000,0x00000000f105c2c0,0x00000000f1800000)
  to   space 11264K, 0% used [0x00000000f0200000,0x00000000f0200000,0x00000000f0d00000)
 ParOldGen       total 86016K, used 18205K [0x0000000083800000, 0x0000000088c00000, 0x00000000d6800000)
  object space 86016K, 21% used [0x0000000083800000,0x00000000849c7620,0x0000000088c00000)
 Metaspace       used 20657K, capacity 21196K, committed 21248K, reserved 1069056K
  class space    used 2382K, capacity 2537K, committed 2560K, reserved 1048576K
}
Event: 15.607 GC heap before
{Heap before GC invocations=11 (full 1):
 PSYoungGen      total 431104K, used 3440K [0x00000000d6800000, 0x00000000f1800000, 0x0000000100000000)
  eden space 419840K, 0% used [0x00000000d6800000,0x00000000d6800000,0x00000000f0200000)
  from space 11264K, 30% used [0x00000000f0d00000,0x00000000f105c2c0,0x00000000f1800000)
  to   space 11264K, 0% used [0x00000000f0200000,0x00000000f0200000,0x00000000f0d00000)
 ParOldGen       total 86016K, used 18205K [0x0000000083800000, 0x0000000088c00000, 0x00000000d6800000)
  object space 86016K, 21% used [0x0000000083800000,0x00000000849c7620,0x0000000088c00000)
 Metaspace       used 20657K, capacity 21196K, committed 21248K, reserved 1069056K
  class space    used 2382K, capacity 2537K, committed 2560K, reserved 1048576K
Event: 15.715 GC heap after
Heap after GC invocations=11 (full 1):
 PSYoungGen      total 431104K, used 0K [0x00000000d6800000, 0x00000000f1800000, 0x0000000100000000)
  eden space 419840K, 0% used [0x00000000d6800000,0x00000000d6800000,0x00000000f0200000)
  from space 11264K, 0% used [0x00000000f0d00000,0x00000000f0d00000,0x00000000f1800000)
  to   space 11264K, 0% used [0x00000000f0200000,0x00000000f0200000,0x00000000f0d00000)
 ParOldGen       total 62976K, used 17121K [0x0000000083800000, 0x0000000087580000, 0x00000000d6800000)
  object space 62976K, 27% used [0x0000000083800000,0x00000000848b87e8,0x0000000087580000)
 Metaspace       used 20657K, capacity 21196K, committed 21248K, reserved 1069056K
  class space    used 2382K, capacity 2537K, committed 2560K, reserved 1048576K
}
Event: 34.224 GC heap before
{Heap before GC invocations=12 (full 1):
 PSYoungGen      total 431104K, used 419840K [0x00000000d6800000, 0x00000000f1800000, 0x0000000100000000)
  eden space 419840K, 100% used [0x00000000d6800000,0x00000000f0200000,0x00000000f0200000)
  from space 11264K, 0% used [0x00000000f0d00000,0x00000000f0d00000,0x00000000f1800000)
  to   space 11264K, 0% used [0x00000000f0200000,0x00000000f0200000,0x00000000f0d00000)
 ParOldGen       total 62976K, used 17121K [0x0000000083800000, 0x0000000087580000, 0x00000000d6800000)
  object space 62976K, 27% used [0x0000000083800000,0x00000000848b87e8,0x0000000087580000)
 Metaspace       used 27029K, capacity 27784K, committed 27904K, reserved 1073152K
  class space    used 3125K, capacity 3277K, committed 3328K, reserved 1048576K

